<?xml version="1.0" encoding="UTF-8"?>
<testng-results ignored="0" total="2" passed="1" failed="1" skipped="0">
  <reporter-output>
    <line>
      <![CDATA[Launching Browser]]>
    </line>
    <line>
      <![CDATA[Waiting]]>
    </line>
    <line>
      <![CDATA[Click On Male Button]]>
    </line>
    <line>
      <![CDATA[ClickOn next Button]]>
    </line>
    <line>
      <![CDATA[reading data from property file age]]>
    </line>
    <line>
      <![CDATA[Age is Selected]]>
    </line>
    <line>
      <![CDATA[Click on next button]]>
    </line>
    <line>
      <![CDATA[reading data from property file pincode]]>
    </line>
    <line>
      <![CDATA[Reading Pincode]]>
    </line>
    <line>
      <![CDATA[reading data from property file mobno]]>
    </line>
    <line>
      <![CDATA[Reading MobileNumber]]>
    </line>
    <line>
      <![CDATA[clickOnContinueButton]]>
    </line>
    <line>
      <![CDATA[ChecksortPlanTC Execution Started]]>
    </line>
    <line>
      <![CDATA[TCChecksortPlan is Failed]]>
    </line>
    <line>
      <![CDATA[taking screenShot]]>
    </line>
    <line>
      <![CDATA[saving file at location C:\Users\Asus\eclipse-workspace\CoverFoxTest\Screenshot\ChecksortPlan20240809140002.png]]>
    </line>
    <line>
      <![CDATA[validateBannersTC Execution Started]]>
    </line>
  </reporter-output>
  <suite started-at="2024-08-09T13:59:37 IST" name="Default suite" finished-at="2024-08-09T14:00:07 IST" duration-ms="29795">
    <groups>
    </groups>
    <test started-at="2024-08-09T13:59:37 IST" name="Default test" finished-at="2024-08-09T14:00:07 IST" duration-ms="29795">
      <class name="coverFoxTest.CoverfoxTC1Listeners">
        <test-method is-config="true" signature="launchBrowser()[pri:0, instance:coverFoxTest.CoverfoxTC1Listeners@62ddbd7e]" started-at="2024-08-09T13:59:37 IST" name="launchBrowser" finished-at="2024-08-09T13:59:44 IST" duration-ms="7278" status="PASS">
          <reporter-output>
            <line>
              <![CDATA[Launching Browser]]>
            </line>
            <line>
              <![CDATA[Waiting]]>
            </line>
          </reporter-output>
        </test-method> <!-- launchBrowser -->
        <test-method is-config="true" signature="preconditions()[pri:0, instance:coverFoxTest.CoverfoxTC1Listeners@62ddbd7e]" started-at="2024-08-09T13:59:44 IST" name="preconditions" finished-at="2024-08-09T13:59:58 IST" duration-ms="14150" status="PASS">
          <reporter-output>
            <line>
              <![CDATA[Click On Male Button]]>
            </line>
            <line>
              <![CDATA[ClickOn next Button]]>
            </line>
            <line>
              <![CDATA[reading data from property file age]]>
            </line>
            <line>
              <![CDATA[Age is Selected]]>
            </line>
            <line>
              <![CDATA[Click on next button]]>
            </line>
            <line>
              <![CDATA[reading data from property file pincode]]>
            </line>
            <line>
              <![CDATA[Reading Pincode]]>
            </line>
            <line>
              <![CDATA[reading data from property file mobno]]>
            </line>
            <line>
              <![CDATA[Reading MobileNumber]]>
            </line>
            <line>
              <![CDATA[clickOnContinueButton]]>
            </line>
          </reporter-output>
        </test-method> <!-- preconditions -->
        <test-method signature="ChecksortPlan()[pri:0, instance:coverFoxTest.CoverfoxTC1Listeners@62ddbd7e]" started-at="2024-08-09T13:59:58 IST" name="ChecksortPlan" finished-at="2024-08-09T14:00:02 IST" duration-ms="4045" status="FAIL">
          <exception class="org.openqa.selenium.InvalidSelectorException">
            <message>
              <![CDATA[invalid selector
from javascript error: {"status":32,"value":"Unable to locate an element with the xpath expression //div[text()='Sort Plans']\")) because of the following error:\nSyntaxError: Failed to execute 'evaluate' on 'Document': The string '//div[text()='Sort Plans']\"))' is not a valid XPath expression."}
  (Session info: chrome=127.0.6533.100)
For documentation on this error, please visit: https://www.selenium.dev/documentation/webdriver/troubleshooting/errors#invalid-selector-exception
Build info: version: '4.22.0', revision: 'c5f3146703*'
System info: os.name: 'Windows 11', os.arch: 'amd64', os.version: '10.0', java.version: '22'
Driver info: org.openqa.selenium.chrome.ChromeDriver
Command: [68127188a3b75a2de23975b3a2a8dd21, findElement {using=xpath, value=//div[text()='Sort Plans']"))}]
Capabilities {acceptInsecureCerts: false, browserName: chrome, browserVersion: 127.0.6533.100, chrome: {chromedriverVersion: 127.0.6533.99 (f31af5097d90..., userDataDir: C:\Users\Asus\AppData\Local...}, fedcm:accounts: true, goog:chromeOptions: {debuggerAddress: localhost:54045}, networkConnectionEnabled: false, pageLoadStrategy: normal, platformName: windows, proxy: Proxy(), se:cdp: ws://localhost:54045/devtoo..., se:cdpVersion: 127.0.6533.100, setWindowRect: true, strictFileInteractability: false, timeouts: {implicit: 0, pageLoad: 300000, script: 30000}, unhandledPromptBehavior: dismiss and notify, webauthn:extension:credBlob: true, webauthn:extension:largeBlob: true, webauthn:extension:minPinLength: true, webauthn:extension:prf: true, webauthn:virtualAuthenticators: true}
Session ID: 68127188a3b75a2de23975b3a2a8dd21]]>
            </message>
            <full-stacktrace>
              <![CDATA[org.openqa.selenium.InvalidSelectorException: invalid selector
from javascript error: {"status":32,"value":"Unable to locate an element with the xpath expression //div[text()='Sort Plans']\")) because of the following error:\nSyntaxError: Failed to execute 'evaluate' on 'Document': The string '//div[text()='Sort Plans']\"))' is not a valid XPath expression."}
  (Session info: chrome=127.0.6533.100)
For documentation on this error, please visit: https://www.selenium.dev/documentation/webdriver/troubleshooting/errors#invalid-selector-exception
Build info: version: '4.22.0', revision: 'c5f3146703*'
System info: os.name: 'Windows 11', os.arch: 'amd64', os.version: '10.0', java.version: '22'
Driver info: org.openqa.selenium.chrome.ChromeDriver
Command: [68127188a3b75a2de23975b3a2a8dd21, findElement {using=xpath, value=//div[text()='Sort Plans']"))}]
Capabilities {acceptInsecureCerts: false, browserName: chrome, browserVersion: 127.0.6533.100, chrome: {chromedriverVersion: 127.0.6533.99 (f31af5097d90..., userDataDir: C:\Users\Asus\AppData\Local...}, fedcm:accounts: true, goog:chromeOptions: {debuggerAddress: localhost:54045}, networkConnectionEnabled: false, pageLoadStrategy: normal, platformName: windows, proxy: Proxy(), se:cdp: ws://localhost:54045/devtoo..., se:cdpVersion: 127.0.6533.100, setWindowRect: true, strictFileInteractability: false, timeouts: {implicit: 0, pageLoad: 300000, script: 30000}, unhandledPromptBehavior: dismiss and notify, webauthn:extension:credBlob: true, webauthn:extension:largeBlob: true, webauthn:extension:minPinLength: true, webauthn:extension:prf: true, webauthn:virtualAuthenticators: true}
Session ID: 68127188a3b75a2de23975b3a2a8dd21
at java.base/jdk.internal.reflect.DirectConstructorHandleAccessor.newInstance(DirectConstructorHandleAccessor.java:62)
at java.base/java.lang.reflect.Constructor.newInstanceWithCaller(Constructor.java:502)
at java.base/java.lang.reflect.Constructor.newInstance(Constructor.java:486)
at org.openqa.selenium.remote.ErrorCodec.decode(ErrorCodec.java:167)
at org.openqa.selenium.remote.codec.w3c.W3CHttpResponseCodec.decode(W3CHttpResponseCodec.java:138)
at org.openqa.selenium.remote.codec.w3c.W3CHttpResponseCodec.decode(W3CHttpResponseCodec.java:50)
at org.openqa.selenium.remote.HttpCommandExecutor.execute(HttpCommandExecutor.java:190)
at org.openqa.selenium.remote.service.DriverCommandExecutor.invokeExecute(DriverCommandExecutor.java:216)
at org.openqa.selenium.remote.service.DriverCommandExecutor.execute(DriverCommandExecutor.java:174)
at org.openqa.selenium.remote.RemoteWebDriver.execute(RemoteWebDriver.java:518)
at org.openqa.selenium.remote.ElementLocation$ElementFinder$2.findElement(ElementLocation.java:165)
at org.openqa.selenium.remote.ElementLocation.findElement(ElementLocation.java:59)
at org.openqa.selenium.remote.RemoteWebDriver.findElement(RemoteWebDriver.java:355)
at org.openqa.selenium.remote.RemoteWebDriver.findElement(RemoteWebDriver.java:349)
at org.openqa.selenium.support.pagefactory.DefaultElementLocator.findElement(DefaultElementLocator.java:68)
at org.openqa.selenium.support.pagefactory.internal.LocatingElementHandler.invoke(LocatingElementHandler.java:38)
at jdk.proxy2/jdk.proxy2.$Proxy15.isDisplayed(Unknown Source)
at coverFoxPOM.CoverFoxResultPage1.is_displaySortPlan(CoverFoxResultPage1.java:63)
at coverFoxTest.CoverfoxTC1Listeners.ChecksortPlan(CoverfoxTC1Listeners.java:87)
at java.base/jdk.internal.reflect.DirectMethodHandleAccessor.invoke(DirectMethodHandleAccessor.java:103)
at java.base/java.lang.reflect.Method.invoke(Method.java:580)
at org.testng.internal.invokers.MethodInvocationHelper.invokeMethod(MethodInvocationHelper.java:141)
at org.testng.internal.invokers.TestInvoker.invokeMethod(TestInvoker.java:686)
at org.testng.internal.invokers.TestInvoker.invokeTestMethod(TestInvoker.java:230)
at org.testng.internal.invokers.MethodRunner.runInSequence(MethodRunner.java:63)
at org.testng.internal.invokers.TestInvoker$MethodInvocationAgent.invoke(TestInvoker.java:992)
at org.testng.internal.invokers.TestInvoker.invokeTestMethods(TestInvoker.java:203)
at org.testng.internal.invokers.TestMethodWorker.invokeTestMethods(TestMethodWorker.java:154)
at org.testng.internal.invokers.TestMethodWorker.run(TestMethodWorker.java:134)
at java.base/java.util.ArrayList.forEach(ArrayList.java:1597)
at org.testng.TestRunner.privateRun(TestRunner.java:739)
at org.testng.TestRunner.run(TestRunner.java:614)
at org.testng.SuiteRunner.runTest(SuiteRunner.java:421)
at org.testng.SuiteRunner.runSequentially(SuiteRunner.java:413)
at org.testng.SuiteRunner.privateRun(SuiteRunner.java:373)
at org.testng.SuiteRunner.run(SuiteRunner.java:312)
at org.testng.SuiteRunnerWorker.runSuite(SuiteRunnerWorker.java:52)
at org.testng.SuiteRunnerWorker.run(SuiteRunnerWorker.java:95)
at org.testng.TestNG.runSuitesSequentially(TestNG.java:1274)
at org.testng.TestNG.runSuitesLocally(TestNG.java:1208)
at org.testng.TestNG.runSuites(TestNG.java:1112)
at org.testng.TestNG.run(TestNG.java:1079)
at org.testng.remote.AbstractRemoteTestNG.run(AbstractRemoteTestNG.java:115)
at org.testng.remote.RemoteTestNG.initAndRun(RemoteTestNG.java:293)
at org.testng.remote.RemoteTestNG.main(RemoteTestNG.java:91)
]]>
            </full-stacktrace>
          </exception> <!-- org.openqa.selenium.InvalidSelectorException -->
          <reporter-output>
            <line>
              <![CDATA[ChecksortPlanTC Execution Started]]>
            </line>
            <line>
              <![CDATA[TCChecksortPlan is Failed]]>
            </line>
            <line>
              <![CDATA[taking screenShot]]>
            </line>
            <line>
              <![CDATA[saving file at location C:\Users\Asus\eclipse-workspace\CoverFoxTest\Screenshot\ChecksortPlan20240809140002.png]]>
            </line>
          </reporter-output>
        </test-method> <!-- ChecksortPlan -->
        <test-method signature="validateBanners()[pri:0, instance:coverFoxTest.CoverfoxTC1Listeners@62ddbd7e]" started-at="2024-08-09T14:00:02 IST" name="validateBanners" finished-at="2024-08-09T14:00:06 IST" duration-ms="4046" status="PASS">
          <reporter-output>
            <line>
              <![CDATA[validateBannersTC Execution Started]]>
            </line>
          </reporter-output>
        </test-method> <!-- validateBanners -->
        <test-method is-config="true" signature="CloseBrowser()[pri:0, instance:coverFoxTest.CoverfoxTC1Listeners@62ddbd7e]" started-at="2024-08-09T14:00:06 IST" name="CloseBrowser" finished-at="2024-08-09T14:00:07 IST" duration-ms="122" status="PASS">
          <reporter-output>
          </reporter-output>
        </test-method> <!-- CloseBrowser -->
      </class> <!-- coverFoxTest.CoverfoxTC1Listeners -->
    </test> <!-- Default test -->
  </suite> <!-- Default suite -->
</testng-results>
