<?xml version="1.0" encoding="UTF-8"?>
<!-- Generated by org.testng.reporters.JUnitXMLReporter -->
<testsuite ignored="2" hostname="DESKTOP-VJ4J3F1" failures="0" tests="2" name="Test1" time="0.053" errors="0" timestamp="2024-07-20T16:11:51 IST">
  <testcase classname="testNGXML.NewTest1" name="a" time="0.009"/>
  <testcase classname="testNGXML.NewTest1" name="b" time="0.001"/>
  <testcase classname="testNGXML.NewTest1" name="d" time="0.0">
    <ignored/>
  </testcase> <!-- d -->
  <testcase classname="testNGXML.NewTest1" name="c" time="0.0">
    <ignored/>
  </testcase> <!-- c -->
</testsuite> <!-- Test1 -->
